[3.352s] DEBUG:colcon:Command line arguments: ['/usr/bin/colcon', 'build', '--packages-select', 'gatesrv']
[3.352s] DEBUG:colcon:Parsed command line arguments: Namespace(base_paths=['.'], build_base='build', continue_on_error=False, event_handlers=None, executor='parallel', ignore_user_meta=False, install_base='install', log_base=None, log_level=None, main=<bound method BuildVerb.main of <colcon_core.verb.build.BuildVerb object at 0x7f7a21982128>>, merge_install=False, metas=['./colcon.meta'], packages_above=None, packages_above_and_dependencies=None, packages_above_depth=None, packages_end=None, packages_ignore=None, packages_ignore_regex=None, packages_select=['gatesrv'], packages_select_build_failed=False, packages_select_by_dep=None, packages_select_regex=None, packages_select_test_failures=False, packages_skip=None, packages_skip_build_finished=False, packages_skip_by_dep=None, packages_skip_regex=None, packages_skip_test_passed=False, packages_skip_up_to=None, packages_start=None, packages_up_to=None, packages_up_to_regex=None, parallel_workers=4, paths=None, symlink_install=False, test_result_base=None, verb_extension=<colcon_core.verb.build.BuildVerb object at 0x7f7a21982128>, verb_name='build', verb_parser=<colcon_defaults.argument_parser.defaults.DefaultArgumentsDecorator object at 0x7f7a21982470>)
[3.431s] Level 1:colcon.colcon_core.package_discovery:discover_packages(colcon_meta) check parameters
[3.431s] Level 1:colcon.colcon_core.package_discovery:discover_packages(recursive) check parameters
[3.431s] Level 1:colcon.colcon_core.package_discovery:discover_packages(ignore) check parameters
[3.432s] Level 1:colcon.colcon_core.package_discovery:discover_packages(path) check parameters
[3.432s] Level 1:colcon.colcon_core.package_discovery:discover_packages(colcon_meta) discover
[3.433s] Level 1:colcon.colcon_core.package_discovery:discover_packages(recursive) discover
[3.433s] INFO:colcon.colcon_core.package_discovery:Crawling recursively for packages in '/home/mohamedmehery/dev_ws/src/gatesrv/build'
[3.433s] Level 1:colcon.colcon_core.package_identification:_identify(.) by extensions ['ignore']
[3.434s] Level 1:colcon.colcon_core.package_identification:_identify(.) by extension 'ignore'
[3.434s] Level 1:colcon.colcon_core.package_identification:_identify(.) by extensions ['colcon_pkg']
[3.434s] Level 1:colcon.colcon_core.package_identification:_identify(.) by extension 'colcon_pkg'
[3.434s] Level 1:colcon.colcon_core.package_identification:_identify(.) by extensions ['colcon_meta']
[3.434s] Level 1:colcon.colcon_core.package_identification:_identify(.) by extension 'colcon_meta'
[3.434s] Level 1:colcon.colcon_core.package_identification:_identify(.) by extensions ['python']
[3.435s] Level 1:colcon.colcon_core.package_identification:_identify(.) by extension 'python'
[3.435s] Level 1:colcon.colcon_core.package_identification:_identify(.) by extensions ['python_setup_py']
[3.435s] Level 1:colcon.colcon_core.package_identification:_identify(.) by extension 'python_setup_py'
[3.435s] Level 1:colcon.colcon_core.package_identification:_identify(build) by extensions ['ignore']
[3.435s] Level 1:colcon.colcon_core.package_identification:_identify(build) by extension 'ignore'
[3.435s] Level 1:colcon.colcon_core.package_identification:_identify(build) ignored
[3.436s] Level 1:colcon.colcon_core.package_identification:_identify(install) by extensions ['ignore']
[3.436s] Level 1:colcon.colcon_core.package_identification:_identify(install) by extension 'ignore'
[3.436s] Level 1:colcon.colcon_core.package_identification:_identify(install) ignored
[3.436s] Level 1:colcon.colcon_core.package_identification:_identify(log) by extensions ['ignore']
[3.436s] Level 1:colcon.colcon_core.package_identification:_identify(log) by extension 'ignore'
[3.437s] Level 1:colcon.colcon_core.package_identification:_identify(log) ignored
[3.437s] Level 1:colcon.colcon_core.package_discovery:discover_packages(recursive) using defaults
[3.437s] Level 1:colcon.colcon_core.package_discovery:discover_packages(ignore) discover
[3.437s] Level 1:colcon.colcon_core.package_discovery:discover_packages(ignore) using defaults
[3.437s] Level 1:colcon.colcon_core.package_discovery:discover_packages(path) discover
[3.437s] Level 1:colcon.colcon_core.package_discovery:discover_packages(path) using defaults
[3.438s] WARNING:colcon.colcon_core.package_selection:ignoring unknown package 'gatesrv' in --packages-select
[3.700s] INFO:colcon.colcon_core.executor:Executing jobs using 'parallel' executor
[3.704s] DEBUG:colcon.colcon_parallel_executor.executor.parallel:run_until_complete
[3.704s] DEBUG:colcon.colcon_parallel_executor.executor.parallel:closing loop
[3.705s] DEBUG:colcon.colcon_parallel_executor.executor.parallel:loop closed
[3.705s] DEBUG:colcon.colcon_parallel_executor.executor.parallel:run_until_complete finished with '0'
[3.705s] DEBUG:colcon.colcon_core.event_reactor:joining thread
[3.771s] INFO:colcon.colcon_core.plugin_system:Skipping extension 'colcon_notification.desktop_notification.terminal_notifier': Not used on non-Darwin systems
[3.771s] INFO:colcon.colcon_core.plugin_system:Skipping extension 'colcon_notification.desktop_notification.win32': Not used on non-Windows systems
[3.771s] INFO:colcon.colcon_notification.desktop_notification:Sending desktop notification using 'notify2'
[3.810s] DEBUG:colcon.colcon_core.event_reactor:joined thread
[4.275s] INFO:colcon.colcon_core.plugin_system:Skipping extension 'colcon_core.shell.bat': Not used on non-Windows systems
[4.276s] INFO:colcon.colcon_core.shell:Creating prefix script '/home/mohamedmehery/dev_ws/src/gatesrv/build/install/local_setup.ps1'
[4.330s] INFO:colcon.colcon_core.shell:Creating prefix util module '/home/mohamedmehery/dev_ws/src/gatesrv/build/install/_local_setup_util_ps1.py'
[4.344s] INFO:colcon.colcon_core.shell:Creating prefix chain script '/home/mohamedmehery/dev_ws/src/gatesrv/build/install/setup.ps1'
[4.370s] INFO:colcon.colcon_core.shell:Creating prefix script '/home/mohamedmehery/dev_ws/src/gatesrv/build/install/local_setup.sh'
[4.409s] INFO:colcon.colcon_core.shell:Creating prefix util module '/home/mohamedmehery/dev_ws/src/gatesrv/build/install/_local_setup_util_sh.py'
[4.410s] INFO:colcon.colcon_core.shell:Creating prefix chain script '/home/mohamedmehery/dev_ws/src/gatesrv/build/install/setup.sh'
[4.450s] INFO:colcon.colcon_core.shell:Creating prefix script '/home/mohamedmehery/dev_ws/src/gatesrv/build/install/local_setup.bash'
[4.492s] INFO:colcon.colcon_core.shell:Creating prefix chain script '/home/mohamedmehery/dev_ws/src/gatesrv/build/install/setup.bash'
[4.495s] INFO:colcon.colcon_core.shell:Creating prefix script '/home/mohamedmehery/dev_ws/src/gatesrv/build/install/local_setup.zsh'
[4.572s] INFO:colcon.colcon_core.shell:Creating prefix chain script '/home/mohamedmehery/dev_ws/src/gatesrv/build/install/setup.zsh'
