[3.052s] DEBUG:colcon:Command line arguments: ['/usr/bin/colcon', 'build', '--packages-select', 'cpp_srvcli']
[3.052s] DEBUG:colcon:Parsed command line arguments: Namespace(base_paths=['.'], build_base='build', continue_on_error=False, event_handlers=None, executor='parallel', ignore_user_meta=False, install_base='install', log_base=None, log_level=None, main=<bound method BuildVerb.main of <colcon_core.verb.build.BuildVerb object at 0x7f3fa42d1b00>>, merge_install=False, metas=['./colcon.meta'], packages_above=None, packages_above_and_dependencies=None, packages_above_depth=None, packages_end=None, packages_ignore=None, packages_ignore_regex=None, packages_select=['cpp_srvcli'], packages_select_build_failed=False, packages_select_by_dep=None, packages_select_regex=None, packages_select_test_failures=False, packages_skip=None, packages_skip_build_finished=False, packages_skip_by_dep=None, packages_skip_regex=None, packages_skip_test_passed=False, packages_skip_up_to=None, packages_start=None, packages_up_to=None, packages_up_to_regex=None, parallel_workers=4, paths=None, symlink_install=False, test_result_base=None, verb_extension=<colcon_core.verb.build.BuildVerb object at 0x7f3fa42d1b00>, verb_name='build', verb_parser=<colcon_defaults.argument_parser.defaults.DefaultArgumentsDecorator object at 0x7f3fa42d1e48>)
[3.157s] Level 1:colcon.colcon_core.package_discovery:discover_packages(colcon_meta) check parameters
[3.158s] Level 1:colcon.colcon_core.package_discovery:discover_packages(recursive) check parameters
[3.158s] Level 1:colcon.colcon_core.package_discovery:discover_packages(ignore) check parameters
[3.159s] Level 1:colcon.colcon_core.package_discovery:discover_packages(path) check parameters
[3.159s] Level 1:colcon.colcon_core.package_discovery:discover_packages(colcon_meta) discover
[3.161s] Level 1:colcon.colcon_core.package_discovery:discover_packages(recursive) discover
[3.161s] INFO:colcon.colcon_core.package_discovery:Crawling recursively for packages in '/home/mohamedmehery/dev_ws/src'
[3.162s] Level 1:colcon.colcon_core.package_identification:_identify(.) by extensions ['ignore']
[3.162s] Level 1:colcon.colcon_core.package_identification:_identify(.) by extension 'ignore'
[3.162s] Level 1:colcon.colcon_core.package_identification:_identify(.) by extensions ['colcon_pkg']
[3.163s] Level 1:colcon.colcon_core.package_identification:_identify(.) by extension 'colcon_pkg'
[3.163s] Level 1:colcon.colcon_core.package_identification:_identify(.) by extensions ['colcon_meta']
[3.163s] Level 1:colcon.colcon_core.package_identification:_identify(.) by extension 'colcon_meta'
[3.163s] Level 1:colcon.colcon_core.package_identification:_identify(.) by extensions ['python']
[3.163s] Level 1:colcon.colcon_core.package_identification:_identify(.) by extension 'python'
[3.163s] Level 1:colcon.colcon_core.package_identification:_identify(.) by extensions ['python_setup_py']
[3.163s] Level 1:colcon.colcon_core.package_identification:_identify(.) by extension 'python_setup_py'
[3.164s] Level 1:colcon.colcon_core.package_identification:_identify(auv final) by extensions ['ignore']
[3.164s] Level 1:colcon.colcon_core.package_identification:_identify(auv final) by extension 'ignore'
[3.164s] Level 1:colcon.colcon_core.package_identification:_identify(auv final) by extensions ['colcon_pkg']
[3.165s] Level 1:colcon.colcon_core.package_identification:_identify(auv final) by extension 'colcon_pkg'
[3.165s] Level 1:colcon.colcon_core.package_identification:_identify(auv final) by extensions ['colcon_meta']
[3.165s] Level 1:colcon.colcon_core.package_identification:_identify(auv final) by extension 'colcon_meta'
[3.165s] Level 1:colcon.colcon_core.package_identification:_identify(auv final) by extensions ['python']
[3.165s] Level 1:colcon.colcon_core.package_identification:_identify(auv final) by extension 'python'
[3.165s] Level 1:colcon.colcon_core.package_identification:_identify(auv final) by extensions ['python_setup_py']
[3.165s] Level 1:colcon.colcon_core.package_identification:_identify(auv final) by extension 'python_setup_py'
[3.166s] Level 1:colcon.colcon_core.package_identification:_identify(auv final/AUV_final_project) by extensions ['ignore']
[3.166s] Level 1:colcon.colcon_core.package_identification:_identify(auv final/AUV_final_project) by extension 'ignore'
[3.166s] Level 1:colcon.colcon_core.package_identification:_identify(auv final/AUV_final_project) by extensions ['colcon_pkg']
[3.166s] Level 1:colcon.colcon_core.package_identification:_identify(auv final/AUV_final_project) by extension 'colcon_pkg'
[3.167s] Level 1:colcon.colcon_core.package_identification:_identify(auv final/AUV_final_project) by extensions ['colcon_meta']
[3.167s] Level 1:colcon.colcon_core.package_identification:_identify(auv final/AUV_final_project) by extension 'colcon_meta'
[3.167s] Level 1:colcon.colcon_core.package_identification:_identify(auv final/AUV_final_project) by extensions ['python']
[3.167s] Level 1:colcon.colcon_core.package_identification:_identify(auv final/AUV_final_project) by extension 'python'
[3.167s] Level 1:colcon.colcon_core.package_identification:_identify(auv final/AUV_final_project) by extensions ['python_setup_py']
[3.167s] Level 1:colcon.colcon_core.package_identification:_identify(auv final/AUV_final_project) by extension 'python_setup_py'
[3.168s] Level 1:colcon.colcon_core.package_identification:_identify(auv final/AUV_final_project/AUV_ws) by extensions ['ignore']
[3.168s] Level 1:colcon.colcon_core.package_identification:_identify(auv final/AUV_final_project/AUV_ws) by extension 'ignore'
[3.168s] Level 1:colcon.colcon_core.package_identification:_identify(auv final/AUV_final_project/AUV_ws) by extensions ['colcon_pkg']
[3.168s] Level 1:colcon.colcon_core.package_identification:_identify(auv final/AUV_final_project/AUV_ws) by extension 'colcon_pkg'
[3.169s] Level 1:colcon.colcon_core.package_identification:_identify(auv final/AUV_final_project/AUV_ws) by extensions ['colcon_meta']
[3.169s] Level 1:colcon.colcon_core.package_identification:_identify(auv final/AUV_final_project/AUV_ws) by extension 'colcon_meta'
[3.169s] Level 1:colcon.colcon_core.package_identification:_identify(auv final/AUV_final_project/AUV_ws) by extensions ['python']
[3.169s] Level 1:colcon.colcon_core.package_identification:_identify(auv final/AUV_final_project/AUV_ws) by extension 'python'
[3.169s] Level 1:colcon.colcon_core.package_identification:_identify(auv final/AUV_final_project/AUV_ws) by extensions ['python_setup_py']
[3.169s] Level 1:colcon.colcon_core.package_identification:_identify(auv final/AUV_final_project/AUV_ws) by extension 'python_setup_py'
[3.170s] Level 1:colcon.colcon_core.package_identification:_identify(auv final/AUV_final_project/AUV_ws/build) by extensions ['ignore']
[3.170s] Level 1:colcon.colcon_core.package_identification:_identify(auv final/AUV_final_project/AUV_ws/build) by extension 'ignore'
[3.170s] Level 1:colcon.colcon_core.package_identification:_identify(auv final/AUV_final_project/AUV_ws/build) ignored
[3.171s] Level 1:colcon.colcon_core.package_identification:_identify(auv final/AUV_final_project/AUV_ws/install) by extensions ['ignore']
[3.171s] Level 1:colcon.colcon_core.package_identification:_identify(auv final/AUV_final_project/AUV_ws/install) by extension 'ignore'
[3.171s] Level 1:colcon.colcon_core.package_identification:_identify(auv final/AUV_final_project/AUV_ws/install) ignored
[3.172s] Level 1:colcon.colcon_core.package_identification:_identify(auv final/AUV_final_project/AUV_ws/log) by extensions ['ignore']
[3.172s] Level 1:colcon.colcon_core.package_identification:_identify(auv final/AUV_final_project/AUV_ws/log) by extension 'ignore'
[3.173s] Level 1:colcon.colcon_core.package_identification:_identify(auv final/AUV_final_project/AUV_ws/log) ignored
[3.173s] Level 1:colcon.colcon_core.package_identification:_identify(auv final/AUV_final_project/AUV_ws/src) by extensions ['ignore']
[3.173s] Level 1:colcon.colcon_core.package_identification:_identify(auv final/AUV_final_project/AUV_ws/src) by extension 'ignore'
[3.173s] Level 1:colcon.colcon_core.package_identification:_identify(auv final/AUV_final_project/AUV_ws/src) by extensions ['colcon_pkg']
[3.174s] Level 1:colcon.colcon_core.package_identification:_identify(auv final/AUV_final_project/AUV_ws/src) by extension 'colcon_pkg'
[3.174s] Level 1:colcon.colcon_core.package_identification:_identify(auv final/AUV_final_project/AUV_ws/src) by extensions ['colcon_meta']
[3.174s] Level 1:colcon.colcon_core.package_identification:_identify(auv final/AUV_final_project/AUV_ws/src) by extension 'colcon_meta'
[3.174s] Level 1:colcon.colcon_core.package_identification:_identify(auv final/AUV_final_project/AUV_ws/src) by extensions ['python']
[3.175s] Level 1:colcon.colcon_core.package_identification:_identify(auv final/AUV_final_project/AUV_ws/src) by extension 'python'
[3.175s] Level 1:colcon.colcon_core.package_identification:_identify(auv final/AUV_final_project/AUV_ws/src) by extensions ['python_setup_py']
[3.175s] Level 1:colcon.colcon_core.package_identification:_identify(auv final/AUV_final_project/AUV_ws/src) by extension 'python_setup_py'
[3.176s] Level 1:colcon.colcon_core.package_identification:_identify(auv final/AUV_final_project/AUV_ws/src/gate_detection) by extensions ['ignore']
[3.176s] Level 1:colcon.colcon_core.package_identification:_identify(auv final/AUV_final_project/AUV_ws/src/gate_detection) by extension 'ignore'
[3.176s] Level 1:colcon.colcon_core.package_identification:_identify(auv final/AUV_final_project/AUV_ws/src/gate_detection) by extensions ['colcon_pkg']
[3.176s] Level 1:colcon.colcon_core.package_identification:_identify(auv final/AUV_final_project/AUV_ws/src/gate_detection) by extension 'colcon_pkg'
[3.177s] Level 1:colcon.colcon_core.package_identification:_identify(auv final/AUV_final_project/AUV_ws/src/gate_detection) by extensions ['colcon_meta']
[3.177s] Level 1:colcon.colcon_core.package_identification:_identify(auv final/AUV_final_project/AUV_ws/src/gate_detection) by extension 'colcon_meta'
[3.177s] Level 1:colcon.colcon_core.package_identification:_identify(auv final/AUV_final_project/AUV_ws/src/gate_detection) by extensions ['python']
[3.177s] Level 1:colcon.colcon_core.package_identification:_identify(auv final/AUV_final_project/AUV_ws/src/gate_detection) by extension 'python'
[3.178s] DEBUG:colcon.colcon_core.package_identification:Python package in 'auv final/AUV_final_project/AUV_ws/src/gate_detection' passes arguments to the setup() function which requires a different identification extension than 'python'
[3.178s] Level 1:colcon.colcon_core.package_identification:_identify(auv final/AUV_final_project/AUV_ws/src/gate_detection) by extensions ['python_setup_py']
[3.178s] Level 1:colcon.colcon_core.package_identification:_identify(auv final/AUV_final_project/AUV_ws/src/gate_detection) by extension 'python_setup_py'
