[3.010s] DEBUG:colcon:Command line arguments: ['/usr/bin/colcon', 'build', '--packages-select', 'findgate']
[3.010s] DEBUG:colcon:Parsed command line arguments: Namespace(base_paths=['.'], build_base='build', continue_on_error=False, event_handlers=None, executor='parallel', ignore_user_meta=False, install_base='install', log_base=None, log_level=None, main=<bound method BuildVerb.main of <colcon_core.verb.build.BuildVerb object at 0x7efc1a545b00>>, merge_install=False, metas=['./colcon.meta'], packages_above=None, packages_above_and_dependencies=None, packages_above_depth=None, packages_end=None, packages_ignore=None, packages_ignore_regex=None, packages_select=['findgate'], packages_select_build_failed=False, packages_select_by_dep=None, packages_select_regex=None, packages_select_test_failures=False, packages_skip=None, packages_skip_build_finished=False, packages_skip_by_dep=None, packages_skip_regex=None, packages_skip_test_passed=False, packages_skip_up_to=None, packages_start=None, packages_up_to=None, packages_up_to_regex=None, parallel_workers=4, paths=None, symlink_install=False, test_result_base=None, verb_extension=<colcon_core.verb.build.BuildVerb object at 0x7efc1a545b00>, verb_name='build', verb_parser=<colcon_defaults.argument_parser.defaults.DefaultArgumentsDecorator object at 0x7efc1a545e48>)
[3.062s] Level 1:colcon.colcon_core.package_discovery:discover_packages(colcon_meta) check parameters
[3.062s] Level 1:colcon.colcon_core.package_discovery:discover_packages(recursive) check parameters
[3.063s] Level 1:colcon.colcon_core.package_discovery:discover_packages(ignore) check parameters
[3.063s] Level 1:colcon.colcon_core.package_discovery:discover_packages(path) check parameters
[3.063s] Level 1:colcon.colcon_core.package_discovery:discover_packages(colcon_meta) discover
[3.063s] Level 1:colcon.colcon_core.package_discovery:discover_packages(recursive) discover
[3.064s] INFO:colcon.colcon_core.package_discovery:Crawling recursively for packages in '/home/mohamedmehery/dev_ws/src/findgate'
[3.064s] Level 1:colcon.colcon_core.package_identification:_identify(.) by extensions ['ignore']
[3.064s] Level 1:colcon.colcon_core.package_identification:_identify(.) by extension 'ignore'
[3.064s] Level 1:colcon.colcon_core.package_identification:_identify(.) by extensions ['colcon_pkg']
[3.064s] Level 1:colcon.colcon_core.package_identification:_identify(.) by extension 'colcon_pkg'
[3.065s] Level 1:colcon.colcon_core.package_identification:_identify(.) by extensions ['colcon_meta']
[3.065s] Level 1:colcon.colcon_core.package_identification:_identify(.) by extension 'colcon_meta'
[3.065s] Level 1:colcon.colcon_core.package_identification:_identify(.) by extensions ['python']
[3.065s] Level 1:colcon.colcon_core.package_identification:_identify(.) by extension 'python'
[3.065s] Level 1:colcon.colcon_core.package_identification:_identify(.) by extensions ['python_setup_py']
[3.065s] Level 1:colcon.colcon_core.package_identification:_identify(.) by extension 'python_setup_py'
[3.065s] Level 1:colcon.colcon_core.package_identification:_identify(build) by extensions ['ignore']
[3.065s] Level 1:colcon.colcon_core.package_identification:_identify(build) by extension 'ignore'
[3.066s] Level 1:colcon.colcon_core.package_identification:_identify(build) ignored
[3.067s] Level 1:colcon.colcon_core.package_identification:_identify(include) by extensions ['ignore']
[3.067s] Level 1:colcon.colcon_core.package_identification:_identify(include) by extension 'ignore'
[3.067s] Level 1:colcon.colcon_core.package_identification:_identify(include) by extensions ['colcon_pkg']
[3.067s] Level 1:colcon.colcon_core.package_identification:_identify(include) by extension 'colcon_pkg'
[3.067s] Level 1:colcon.colcon_core.package_identification:_identify(include) by extensions ['colcon_meta']
[3.067s] Level 1:colcon.colcon_core.package_identification:_identify(include) by extension 'colcon_meta'
[3.068s] Level 1:colcon.colcon_core.package_identification:_identify(include) by extensions ['python']
[3.068s] Level 1:colcon.colcon_core.package_identification:_identify(include) by extension 'python'
[3.068s] Level 1:colcon.colcon_core.package_identification:_identify(include) by extensions ['python_setup_py']
[3.068s] Level 1:colcon.colcon_core.package_identification:_identify(include) by extension 'python_setup_py'
[3.069s] Level 1:colcon.colcon_core.package_identification:_identify(include/findgate) by extensions ['ignore']
[3.069s] Level 1:colcon.colcon_core.package_identification:_identify(include/findgate) by extension 'ignore'
[3.069s] Level 1:colcon.colcon_core.package_identification:_identify(include/findgate) by extensions ['colcon_pkg']
[3.069s] Level 1:colcon.colcon_core.package_identification:_identify(include/findgate) by extension 'colcon_pkg'
[3.069s] Level 1:colcon.colcon_core.package_identification:_identify(include/findgate) by extensions ['colcon_meta']
[3.069s] Level 1:colcon.colcon_core.package_identification:_identify(include/findgate) by extension 'colcon_meta'
[3.069s] Level 1:colcon.colcon_core.package_identification:_identify(include/findgate) by extensions ['python']
[3.069s] Level 1:colcon.colcon_core.package_identification:_identify(include/findgate) by extension 'python'
[3.070s] Level 1:colcon.colcon_core.package_identification:_identify(include/findgate) by extensions ['python_setup_py']
[3.070s] Level 1:colcon.colcon_core.package_identification:_identify(include/findgate) by extension 'python_setup_py'
[3.070s] Level 1:colcon.colcon_core.package_identification:_identify(install) by extensions ['ignore']
[3.070s] Level 1:colcon.colcon_core.package_identification:_identify(install) by extension 'ignore'
[3.070s] Level 1:colcon.colcon_core.package_identification:_identify(install) ignored
[3.070s] Level 1:colcon.colcon_core.package_identification:_identify(log) by extensions ['ignore']
[3.070s] Level 1:colcon.colcon_core.package_identification:_identify(log) by extension 'ignore'
[3.071s] Level 1:colcon.colcon_core.package_identification:_identify(log) ignored
[3.071s] Level 1:colcon.colcon_core.package_identification:_identify(src) by extensions ['ignore']
[3.071s] Level 1:colcon.colcon_core.package_identification:_identify(src) by extension 'ignore'
[3.071s] Level 1:colcon.colcon_core.package_identification:_identify(src) by extensions ['colcon_pkg']
[3.071s] Level 1:colcon.colcon_core.package_identification:_identify(src) by extension 'colcon_pkg'
[3.071s] Level 1:colcon.colcon_core.package_identification:_identify(src) by extensions ['colcon_meta']
[3.071s] Level 1:colcon.colcon_core.package_identification:_identify(src) by extension 'colcon_meta'
[3.071s] Level 1:colcon.colcon_core.package_identification:_identify(src) by extensions ['python']
[3.071s] Level 1:colcon.colcon_core.package_identification:_identify(src) by extension 'python'
[3.072s] Level 1:colcon.colcon_core.package_identification:_identify(src) by extensions ['python_setup_py']
[3.072s] Level 1:colcon.colcon_core.package_identification:_identify(src) by extension 'python_setup_py'
[3.072s] Level 1:colcon.colcon_core.package_identification:_identify(src/interfaces) by extensions ['ignore']
[3.072s] Level 1:colcon.colcon_core.package_identification:_identify(src/interfaces) by extension 'ignore'
[3.072s] Level 1:colcon.colcon_core.package_identification:_identify(src/interfaces) by extensions ['colcon_pkg']
[3.072s] Level 1:colcon.colcon_core.package_identification:_identify(src/interfaces) by extension 'colcon_pkg'
[3.072s] Level 1:colcon.colcon_core.package_identification:_identify(src/interfaces) by extensions ['colcon_meta']
[3.073s] Level 1:colcon.colcon_core.package_identification:_identify(src/interfaces) by extension 'colcon_meta'
[3.073s] Level 1:colcon.colcon_core.package_identification:_identify(src/interfaces) by extensions ['python']
[3.073s] Level 1:colcon.colcon_core.package_identification:_identify(src/interfaces) by extension 'python'
[3.073s] Level 1:colcon.colcon_core.package_identification:_identify(src/interfaces) by extensions ['python_setup_py']
[3.073s] Level 1:colcon.colcon_core.package_identification:_identify(src/interfaces) by extension 'python_setup_py'
[3.073s] Level 1:colcon.colcon_core.package_discovery:discover_packages(recursive) using defaults
[3.073s] Level 1:colcon.colcon_core.package_discovery:discover_packages(ignore) discover
[3.073s] Level 1:colcon.colcon_core.package_discovery:discover_packages(ignore) using defaults
[3.073s] Level 1:colcon.colcon_core.package_discovery:discover_packages(path) discover
[3.073s] Level 1:colcon.colcon_core.package_discovery:discover_packages(path) using defaults
[3.076s] WARNING:colcon.colcon_core.package_selection:ignoring unknown package 'findgate' in --packages-select
[3.552s] INFO:colcon.colcon_core.executor:Executing jobs using 'parallel' executor
[3.567s] DEBUG:colcon.colcon_parallel_executor.executor.parallel:run_until_complete
[3.568s] DEBUG:colcon.colcon_parallel_executor.executor.parallel:closing loop
[3.569s] DEBUG:colcon.colcon_parallel_executor.executor.parallel:loop closed
[3.569s] DEBUG:colcon.colcon_parallel_executor.executor.parallel:run_until_complete finished with '0'
[3.570s] DEBUG:colcon.colcon_core.event_reactor:joining thread
[3.714s] INFO:colcon.colcon_core.plugin_system:Skipping extension 'colcon_notification.desktop_notification.terminal_notifier': Not used on non-Darwin systems
[3.714s] INFO:colcon.colcon_core.plugin_system:Skipping extension 'colcon_notification.desktop_notification.win32': Not used on non-Windows systems
[3.714s] INFO:colcon.colcon_notification.desktop_notification:Sending desktop notification using 'notify2'
[3.765s] DEBUG:colcon.colcon_core.event_reactor:joined thread
[3.917s] INFO:colcon.colcon_core.plugin_system:Skipping extension 'colcon_core.shell.bat': Not used on non-Windows systems
[3.917s] INFO:colcon.colcon_core.shell:Creating prefix script '/home/mohamedmehery/dev_ws/src/findgate/install/local_setup.ps1'
[3.934s] INFO:colcon.colcon_core.shell:Creating prefix util module '/home/mohamedmehery/dev_ws/src/findgate/install/_local_setup_util_ps1.py'
[3.941s] INFO:colcon.colcon_core.shell:Creating prefix chain script '/home/mohamedmehery/dev_ws/src/findgate/install/setup.ps1'
[3.949s] INFO:colcon.colcon_core.shell:Creating prefix script '/home/mohamedmehery/dev_ws/src/findgate/install/local_setup.sh'
[3.953s] INFO:colcon.colcon_core.shell:Creating prefix util module '/home/mohamedmehery/dev_ws/src/findgate/install/_local_setup_util_sh.py'
[3.956s] INFO:colcon.colcon_core.shell:Creating prefix chain script '/home/mohamedmehery/dev_ws/src/findgate/install/setup.sh'
[3.962s] INFO:colcon.colcon_core.shell:Creating prefix script '/home/mohamedmehery/dev_ws/src/findgate/install/local_setup.bash'
[3.967s] INFO:colcon.colcon_core.shell:Creating prefix chain script '/home/mohamedmehery/dev_ws/src/findgate/install/setup.bash'
[3.970s] INFO:colcon.colcon_core.shell:Creating prefix script '/home/mohamedmehery/dev_ws/src/findgate/install/local_setup.zsh'
[3.974s] INFO:colcon.colcon_core.shell:Creating prefix chain script '/home/mohamedmehery/dev_ws/src/findgate/install/setup.zsh'
